2025-08-18 12:16:11,410 - __main__ - INFO - main:145 - Inicializando base de datos...
2025-08-18 12:16:11,411 - database.setup - INFO - init_db:64 - Inicializando motor de base de datos SQLite...
2025-08-18 12:16:11,455 - database.setup - INFO - init_db:76 - Creando tablas en orden definido...
2025-08-18 12:16:11,486 - database.setup - INFO - init_db:79 - Tablas creadas exitosamente.
2025-08-18 12:16:11,487 - __main__ - INFO - main:148 - Aplicando parches de seguridad...
2025-08-18 12:16:11,487 - __main__ - INFO - main:153 - VIP channel ID: 0
2025-08-18 12:16:11,487 - __main__ - INFO - main:154 - Configurando bot...
2025-08-18 12:16:11,534 - __main__ - INFO - main:183 - Registrando handlers...
2025-08-18 12:16:11,534 - __main__ - INFO - main:214 - Router setup registrado
2025-08-18 12:16:11,534 - __main__ - INFO - main:214 - Router admin registrado
2025-08-18 12:16:11,535 - __main__ - INFO - main:214 - Router auction_admin registrado
2025-08-18 12:16:11,535 - __main__ - INFO - main:214 - Router start_token registrado
2025-08-18 12:16:11,535 - __main__ - INFO - main:214 - Router start registrado
2025-08-18 12:16:11,535 - __main__ - INFO - main:214 - Router main_menu registrado
2025-08-18 12:16:11,535 - __main__ - INFO - main:214 - Router backpack registrado
2025-08-18 12:16:11,535 - __main__ - INFO - main:214 - Router missions registrado
2025-08-18 12:16:11,535 - __main__ - INFO - main:214 - Router info registrado
2025-08-18 12:16:11,535 - __main__ - INFO - main:214 - Router free_channel_admin registrado
2025-08-18 12:16:11,535 - __main__ - INFO - main:214 - Router publication_test registrado
2025-08-18 12:16:11,535 - __main__ - INFO - main:214 - Router vip_menu registrado
2025-08-18 12:16:11,535 - __main__ - INFO - main:214 - Router auction_user registrado
2025-08-18 12:16:11,535 - __main__ - INFO - main:214 - Router reaction_callback registrado
2025-08-18 12:16:11,535 - __main__ - INFO - main:214 - Router native_reaction registrado
2025-08-18 12:16:11,535 - __main__ - INFO - main:214 - Router daily_gift registrado
2025-08-18 12:16:11,535 - __main__ - INFO - main:214 - Router minigames registrado
2025-08-18 12:16:11,535 - __main__ - INFO - main:214 - Router gamification registrado
2025-08-18 12:16:11,535 - __main__ - INFO - main:214 - Router free_user registrado
2025-08-18 12:16:11,535 - __main__ - INFO - main:214 - Router lore registrado
2025-08-18 12:16:11,535 - __main__ - INFO - main:214 - Router combinar_pistas registrado
2025-08-18 12:16:11,535 - __main__ - INFO - main:214 - Router channel_access registrado
2025-08-18 12:16:11,535 - __main__ - INFO - main:214 - Router narrative registrado
2025-08-18 12:16:11,535 - __main__ - INFO - main:214 - Router admin_narrative registrado
2025-08-18 12:16:11,535 - __main__ - INFO - main:214 - Router free_channel_config registrado
2025-08-18 12:16:11,535 - __main__ - INFO - main:219 - Iniciando tareas en segundo plano...
2025-08-18 12:16:11,535 - __main__ - INFO - main:242 - Bot iniciado correctamente. Comenzando polling...
2025-08-18 12:16:11,536 - root - INFO - channel_request_scheduler:28 - Channel request scheduler started
2025-08-18 12:16:11,538 - root - INFO - vip_subscription_scheduler:125 - VIP subscription scheduler started
2025-08-18 12:16:11,539 - root - INFO - vip_membership_scheduler:145 - VIP membership scheduler started
2025-08-18 12:16:11,540 - root - INFO - auction_monitor_scheduler:177 - Auction monitor scheduler started
2025-08-18 12:16:11,541 - root - INFO - free_channel_cleanup_scheduler:204 - Free channel cleanup scheduler started
2025-08-18 12:16:11,603 - services.free_channel_service - INFO - cleanup_old_requests:729 - Cleaned up 0 old channel requests
2025-08-18 12:16:42,551 - services.message_service - INFO - send_interactive_post:84 - DEBUG: Markup to edit: inline_keyboard=[[InlineKeyboardButton(text='👍 0', url=None, callback_data='ip_-1001468184215_8_👍', web_app=None, login_url=None, switch_inline_query=None, switch_inline_query_current_chat=None, switch_inline_query_chosen_chat=None, copy_text=None, callback_game=None, pay=None), InlineKeyboardButton(text='❤️ 0', url=None, callback_data='ip_-1001468184215_8_❤️', web_app=None, login_url=None, switch_inline_query=None, switch_inline_query_current_chat=None, switch_inline_query_chosen_chat=None, copy_text=None, callback_game=None, pay=None), InlineKeyboardButton(text='😂 0', url=None, callback_data='ip_-1001468184215_8_😂', web_app=None, login_url=None, switch_inline_query=None, switch_inline_query_current_chat=None, switch_inline_query_chosen_chat=None, copy_text=None, callback_game=None, pay=None), InlineKeyboardButton(text='🔥 0', url=None, callback_data='ip_-1001468184215_8_🔥', web_app=None, login_url=None, switch_inline_query=None, switch_inline_query_current_chat=None, switch_inline_query_chosen_chat=None, copy_text=None, callback_game=None, pay=None)], [InlineKeyboardButton(text='💯 0', url=None, callback_data='ip_-1001468184215_8_💯', web_app=None, login_url=None, switch_inline_query=None, switch_inline_query_current_chat=None, switch_inline_query_chosen_chat=None, copy_text=None, callback_game=None, pay=None)]]
2025-08-18 12:16:42,850 - services.message_registry - INFO - store_message:18 - Stored message (-1001468184215, 8)
2025-08-18 12:16:49,203 - services.message_registry - INFO - validate_message:29 - Validation attempt for chat_id=-1001468184215, message_id=8: True
2025-08-18 12:16:49,203 - handlers.reaction_callback - INFO - handle_reaction_callback:41 - Edit attempt chat_id=-1001468184215 message_id=8 valid=True
2025-08-18 12:16:49,270 - services.point_service - INFO - add_points:145 - User 1280444712 gained 2 points (base 1, x2). Total: 12.0
2025-08-18 12:16:49,555 - services.mission_service - INFO - complete_mission:172 - User 1280444712 successfully completed mission reaction_reaccionar_8 (Type: reaction, Message: 8).
2025-08-18 12:16:49,595 - services.point_service - INFO - add_points:145 - User 1280444712 gained 1.0 points (base 0.5, x2). Total: 13.0
2025-08-18 12:16:49,790 - services.point_service - INFO - add_points:145 - User 1280444712 gained 2 points (base 1, x2). Total: 15.0
2025-08-18 12:16:50,427 - services.point_service - INFO - add_points:145 - User 1280444712 gained 2 points (base 1, x2). Total: 17.0
2025-08-18 12:16:50,717 - services.message_service - INFO - update_reaction_markup:188 - DEBUG: Markup being sent for update: inline_keyboard=[[InlineKeyboardButton(text='👍 1', url=None, callback_data='ip_-1001468184215_8_👍', web_app=None, login_url=None, switch_inline_query=None, switch_inline_query_current_chat=None, switch_inline_query_chosen_chat=None, copy_text=None, callback_game=None, pay=None), InlineKeyboardButton(text='❤️ 0', url=None, callback_data='ip_-1001468184215_8_❤️', web_app=None, login_url=None, switch_inline_query=None, switch_inline_query_current_chat=None, switch_inline_query_chosen_chat=None, copy_text=None, callback_game=None, pay=None), InlineKeyboardButton(text='😂 0', url=None, callback_data='ip_-1001468184215_8_😂', web_app=None, login_url=None, switch_inline_query=None, switch_inline_query_current_chat=None, switch_inline_query_chosen_chat=None, copy_text=None, callback_game=None, pay=None), InlineKeyboardButton(text='🔥 0', url=None, callback_data='ip_-1001468184215_8_🔥', web_app=None, login_url=None, switch_inline_query=None, switch_inline_query_current_chat=None, switch_inline_query_chosen_chat=None, copy_text=None, callback_game=None, pay=None)], [InlineKeyboardButton(text='💯 0', url=None, callback_data='ip_-1001468184215_8_💯', web_app=None, login_url=None, switch_inline_query=None, switch_inline_query_current_chat=None, switch_inline_query_chosen_chat=None, copy_text=None, callback_game=None, pay=None)]]
2025-08-18 12:17:07,177 - services.message_registry - INFO - validate_message:29 - Validation attempt for chat_id=-1001468184215, message_id=8: True
2025-08-18 12:17:07,177 - handlers.reaction_callback - INFO - handle_reaction_callback:41 - Edit attempt chat_id=-1001468184215 message_id=8 valid=True
2025-08-18 12:17:07,233 - services.point_service - INFO - add_points:145 - User 6181290784 gained 2 points (base 1, x2). Total: 14.0
2025-08-18 12:17:07,521 - services.mission_service - INFO - complete_mission:172 - User 6181290784 successfully completed mission reaction_reaccionar_8 (Type: reaction, Message: 8).
2025-08-18 12:17:07,558 - services.point_service - INFO - add_points:145 - User 6181290784 gained 1.0 points (base 0.5, x2). Total: 15.0
2025-08-18 12:17:07,914 - services.point_service - INFO - add_points:145 - User 6181290784 gained 2 points (base 1, x2). Total: 17.0
2025-08-18 12:17:08,208 - services.message_service - INFO - update_reaction_markup:188 - DEBUG: Markup being sent for update: inline_keyboard=[[InlineKeyboardButton(text='👍 1', url=None, callback_data='ip_-1001468184215_8_👍', web_app=None, login_url=None, switch_inline_query=None, switch_inline_query_current_chat=None, switch_inline_query_chosen_chat=None, copy_text=None, callback_game=None, pay=None), InlineKeyboardButton(text='❤️ 1', url=None, callback_data='ip_-1001468184215_8_❤️', web_app=None, login_url=None, switch_inline_query=None, switch_inline_query_current_chat=None, switch_inline_query_chosen_chat=None, copy_text=None, callback_game=None, pay=None), InlineKeyboardButton(text='😂 0', url=None, callback_data='ip_-1001468184215_8_😂', web_app=None, login_url=None, switch_inline_query=None, switch_inline_query_current_chat=None, switch_inline_query_chosen_chat=None, copy_text=None, callback_game=None, pay=None), InlineKeyboardButton(text='🔥 0', url=None, callback_data='ip_-1001468184215_8_🔥', web_app=None, login_url=None, switch_inline_query=None, switch_inline_query_current_chat=None, switch_inline_query_chosen_chat=None, copy_text=None, callback_game=None, pay=None)], [InlineKeyboardButton(text='💯 0', url=None, callback_data='ip_-1001468184215_8_💯', web_app=None, login_url=None, switch_inline_query=None, switch_inline_query_current_chat=None, switch_inline_query_chosen_chat=None, copy_text=None, callback_game=None, pay=None)]]
2025-08-18 12:20:21,328 - __main__ - INFO - main:145 - Inicializando base de datos...
2025-08-18 12:20:21,328 - database.setup - INFO - init_db:64 - Inicializando motor de base de datos SQLite...
2025-08-18 12:20:21,344 - database.setup - INFO - init_db:76 - Creando tablas en orden definido...
2025-08-18 12:20:21,367 - database.setup - INFO - init_db:79 - Tablas creadas exitosamente.
2025-08-18 12:20:21,368 - __main__ - INFO - main:148 - Aplicando parches de seguridad...
2025-08-18 12:20:21,368 - __main__ - INFO - main:153 - VIP channel ID: 0
2025-08-18 12:20:21,368 - __main__ - INFO - main:154 - Configurando bot...
2025-08-18 12:20:21,409 - __main__ - INFO - main:183 - Registrando handlers...
2025-08-18 12:20:21,409 - __main__ - INFO - main:214 - Router setup registrado
2025-08-18 12:20:21,409 - __main__ - INFO - main:214 - Router admin registrado
2025-08-18 12:20:21,409 - __main__ - INFO - main:214 - Router auction_admin registrado
2025-08-18 12:20:21,409 - __main__ - INFO - main:214 - Router start_token registrado
2025-08-18 12:20:21,409 - __main__ - INFO - main:214 - Router start registrado
2025-08-18 12:20:21,409 - __main__ - INFO - main:214 - Router main_menu registrado
2025-08-18 12:20:21,409 - __main__ - INFO - main:214 - Router backpack registrado
2025-08-18 12:20:21,409 - __main__ - INFO - main:214 - Router missions registrado
2025-08-18 12:20:21,409 - __main__ - INFO - main:214 - Router info registrado
2025-08-18 12:20:21,409 - __main__ - INFO - main:214 - Router free_channel_admin registrado
2025-08-18 12:20:21,409 - __main__ - INFO - main:214 - Router publication_test registrado
2025-08-18 12:20:21,409 - __main__ - INFO - main:214 - Router vip_menu registrado
2025-08-18 12:20:21,409 - __main__ - INFO - main:214 - Router auction_user registrado
2025-08-18 12:20:21,409 - __main__ - INFO - main:214 - Router reaction_callback registrado
2025-08-18 12:20:21,409 - __main__ - INFO - main:214 - Router native_reaction registrado
2025-08-18 12:20:21,409 - __main__ - INFO - main:214 - Router daily_gift registrado
2025-08-18 12:20:21,409 - __main__ - INFO - main:214 - Router minigames registrado
2025-08-18 12:20:21,409 - __main__ - INFO - main:214 - Router gamification registrado
2025-08-18 12:20:21,409 - __main__ - INFO - main:214 - Router free_user registrado
2025-08-18 12:20:21,410 - __main__ - INFO - main:214 - Router lore registrado
2025-08-18 12:20:21,410 - __main__ - INFO - main:214 - Router combinar_pistas registrado
2025-08-18 12:20:21,410 - __main__ - INFO - main:214 - Router channel_access registrado
2025-08-18 12:20:21,410 - __main__ - INFO - main:214 - Router narrative registrado
2025-08-18 12:20:21,410 - __main__ - INFO - main:214 - Router admin_narrative registrado
2025-08-18 12:20:21,410 - __main__ - INFO - main:214 - Router free_channel_config registrado
2025-08-18 12:20:21,410 - __main__ - INFO - main:219 - Iniciando tareas en segundo plano...
2025-08-18 12:20:21,410 - __main__ - INFO - main:242 - Bot iniciado correctamente. Comenzando polling...
2025-08-18 12:20:21,411 - root - INFO - channel_request_scheduler:28 - Channel request scheduler started
2025-08-18 12:20:21,412 - root - INFO - vip_subscription_scheduler:125 - VIP subscription scheduler started
2025-08-18 12:20:21,414 - root - INFO - vip_membership_scheduler:145 - VIP membership scheduler started
2025-08-18 12:20:21,415 - root - INFO - auction_monitor_scheduler:177 - Auction monitor scheduler started
2025-08-18 12:20:21,416 - root - INFO - free_channel_cleanup_scheduler:204 - Free channel cleanup scheduler started
2025-08-18 12:20:21,476 - services.free_channel_service - INFO - cleanup_old_requests:729 - Cleaned up 0 old channel requests
2025-08-18 12:21:34,793 - services.message_service - INFO - send_interactive_post:84 - DEBUG: Markup to edit: inline_keyboard=[[InlineKeyboardButton(text='👍 0', url=None, callback_data='ip_-1001468184215_9_👍', web_app=None, login_url=None, switch_inline_query=None, switch_inline_query_current_chat=None, switch_inline_query_chosen_chat=None, copy_text=None, callback_game=None, pay=None), InlineKeyboardButton(text='❤️ 0', url=None, callback_data='ip_-1001468184215_9_❤️', web_app=None, login_url=None, switch_inline_query=None, switch_inline_query_current_chat=None, switch_inline_query_chosen_chat=None, copy_text=None, callback_game=None, pay=None), InlineKeyboardButton(text='😂 0', url=None, callback_data='ip_-1001468184215_9_😂', web_app=None, login_url=None, switch_inline_query=None, switch_inline_query_current_chat=None, switch_inline_query_chosen_chat=None, copy_text=None, callback_game=None, pay=None), InlineKeyboardButton(text='🔥 0', url=None, callback_data='ip_-1001468184215_9_🔥', web_app=None, login_url=None, switch_inline_query=None, switch_inline_query_current_chat=None, switch_inline_query_chosen_chat=None, copy_text=None, callback_game=None, pay=None)], [InlineKeyboardButton(text='💯 0', url=None, callback_data='ip_-1001468184215_9_💯', web_app=None, login_url=None, switch_inline_query=None, switch_inline_query_current_chat=None, switch_inline_query_chosen_chat=None, copy_text=None, callback_game=None, pay=None)]]
2025-08-18 12:21:35,090 - services.message_registry - INFO - store_message:18 - Stored message (-1001468184215, 9)
2025-08-18 12:21:41,988 - utils.menu_manager - ERROR - go_back:242 - Error going back for user 1280444712: cannot unpack non-iterable coroutine object
2025-08-18 12:21:58,582 - services.message_registry - INFO - validate_message:29 - Validation attempt for chat_id=-1001468184215, message_id=9: True
2025-08-18 12:21:58,582 - handlers.reaction_callback - INFO - handle_reaction_callback:41 - Edit attempt chat_id=-1001468184215 message_id=9 valid=True
2025-08-18 12:21:58,645 - services.point_service - INFO - add_points:145 - User 1280444712 gained 2 points (base 1, x2). Total: 19.0
2025-08-18 12:21:59,043 - services.mission_service - INFO - complete_mission:172 - User 1280444712 successfully completed mission reaction_reaccionar_9 (Type: reaction, Message: 9).
2025-08-18 12:21:59,077 - services.point_service - INFO - add_points:145 - User 1280444712 gained 1.0 points (base 0.5, x2). Total: 20.0
2025-08-18 12:21:59,414 - services.point_service - INFO - add_points:145 - User 1280444712 gained 2 points (base 1, x2). Total: 22.0
2025-08-18 12:21:59,720 - services.message_service - INFO - update_reaction_markup:188 - DEBUG: Markup being sent for update: inline_keyboard=[[InlineKeyboardButton(text='👍 0', url=None, callback_data='ip_-1001468184215_9_👍', web_app=None, login_url=None, switch_inline_query=None, switch_inline_query_current_chat=None, switch_inline_query_chosen_chat=None, copy_text=None, callback_game=None, pay=None), InlineKeyboardButton(text='❤️ 0', url=None, callback_data='ip_-1001468184215_9_❤️', web_app=None, login_url=None, switch_inline_query=None, switch_inline_query_current_chat=None, switch_inline_query_chosen_chat=None, copy_text=None, callback_game=None, pay=None), InlineKeyboardButton(text='😂 0', url=None, callback_data='ip_-1001468184215_9_😂', web_app=None, login_url=None, switch_inline_query=None, switch_inline_query_current_chat=None, switch_inline_query_chosen_chat=None, copy_text=None, callback_game=None, pay=None), InlineKeyboardButton(text='🔥 1', url=None, callback_data='ip_-1001468184215_9_🔥', web_app=None, login_url=None, switch_inline_query=None, switch_inline_query_current_chat=None, switch_inline_query_chosen_chat=None, copy_text=None, callback_game=None, pay=None)], [InlineKeyboardButton(text='💯 0', url=None, callback_data='ip_-1001468184215_9_💯', web_app=None, login_url=None, switch_inline_query=None, switch_inline_query_current_chat=None, switch_inline_query_chosen_chat=None, copy_text=None, callback_game=None, pay=None)]]
2025-08-18 12:22:12,831 - services.message_registry - INFO - validate_message:29 - Validation attempt for chat_id=-1001468184215, message_id=9: True
2025-08-18 12:22:12,832 - handlers.reaction_callback - INFO - handle_reaction_callback:41 - Edit attempt chat_id=-1001468184215 message_id=9 valid=True
2025-08-18 12:22:12,884 - services.point_service - INFO - add_points:145 - User 6181290784 gained 2 points (base 1, x2). Total: 19.0
2025-08-18 12:22:13,192 - services.mission_service - INFO - complete_mission:172 - User 6181290784 successfully completed mission reaction_reaccionar_9 (Type: reaction, Message: 9).
2025-08-18 12:22:13,229 - services.point_service - INFO - add_points:145 - User 6181290784 gained 1.0 points (base 0.5, x2). Total: 20.0
2025-08-18 12:22:13,603 - services.point_service - INFO - add_points:145 - User 6181290784 gained 2 points (base 1, x2). Total: 22.0
2025-08-18 12:22:13,898 - services.message_service - INFO - update_reaction_markup:188 - DEBUG: Markup being sent for update: inline_keyboard=[[InlineKeyboardButton(text='👍 0', url=None, callback_data='ip_-1001468184215_9_👍', web_app=None, login_url=None, switch_inline_query=None, switch_inline_query_current_chat=None, switch_inline_query_chosen_chat=None, copy_text=None, callback_game=None, pay=None), InlineKeyboardButton(text='❤️ 0', url=None, callback_data='ip_-1001468184215_9_❤️', web_app=None, login_url=None, switch_inline_query=None, switch_inline_query_current_chat=None, switch_inline_query_chosen_chat=None, copy_text=None, callback_game=None, pay=None), InlineKeyboardButton(text='😂 1', url=None, callback_data='ip_-1001468184215_9_😂', web_app=None, login_url=None, switch_inline_query=None, switch_inline_query_current_chat=None, switch_inline_query_chosen_chat=None, copy_text=None, callback_game=None, pay=None), InlineKeyboardButton(text='🔥 1', url=None, callback_data='ip_-1001468184215_9_🔥', web_app=None, login_url=None, switch_inline_query=None, switch_inline_query_current_chat=None, switch_inline_query_chosen_chat=None, copy_text=None, callback_game=None, pay=None)], [InlineKeyboardButton(text='💯 0', url=None, callback_data='ip_-1001468184215_9_💯', web_app=None, login_url=None, switch_inline_query=None, switch_inline_query_current_chat=None, switch_inline_query_chosen_chat=None, copy_text=None, callback_game=None, pay=None)]]
